TN:
SF:src/modules/appointments/services/CreateAppointmentsServece.ts
FN:87,__decorate
FN:87,__metadata
FN:87,__param
FN:87,__awaiter
FN:87,adopt
FN:87,fulfilled
FN:87,rejected
FN:87,step
FN:87,__generator
FN:87,sent
FN:87,g.<computed>
FN:87,verb
FN:87,step
FN:87,__importDefault
FN:23,CreateAppointmentsServece
FN:36,CreateAppointmentsServece.execute
FNF:16
FNH:14
FNDA:1,__decorate
FNDA:1,__metadata
FNDA:3,__param
FNDA:7,__awaiter
FNDA:13,adopt
FNDA:13,fulfilled
FNDA:0,rejected
FNDA:15,step
FNDA:7,__generator
FNDA:13,sent
FNDA:0,g.<computed>
FNDA:21,verb
FNDA:20,step
FNDA:1,__importDefault
FNDA:5,CreateAppointmentsServece
FNDA:7,CreateAppointmentsServece.execute
DA:1,1
DA:2,1
DA:3,1
DA:4,1
DA:5,1
DA:6,1
DA:7,1
DA:8,1
DA:9,1
DA:10,1
DA:11,1
DA:12,1
DA:13,1
DA:14,1
DA:15,1
DA:16,1
DA:17,1
DA:18,1
DA:19,1
DA:20,1
DA:21,1
DA:22,1
DA:23,1
DA:24,5
DA:25,5
DA:26,5
DA:27,5
DA:28,5
DA:29,5
DA:30,5
DA:31,5
DA:32,5
DA:33,5
DA:34,5
DA:35,1
DA:36,1
DA:37,7
DA:38,7
DA:39,7
DA:40,7
DA:41,7
DA:42,7
DA:43,7
DA:44,7
DA:45,7
DA:46,7
DA:47,1
DA:48,1
DA:49,6
DA:50,6
DA:51,6
DA:52,7
DA:53,2
DA:54,2
DA:55,4
DA:56,7
DA:57,1
DA:58,1
DA:59,1
DA:60,1
DA:61,3
DA:62,7
DA:63,1
DA:64,1
DA:65,2
DA:66,2
DA:67,2
DA:68,2
DA:69,2
DA:70,2
DA:71,7
DA:72,7
DA:73,7
DA:74,7
DA:75,7
DA:76,7
DA:77,7
DA:78,7
DA:79,7
DA:80,7
DA:81,7
DA:82,7
DA:83,7
DA:84,7
DA:85,1
DA:86,1
DA:87,1
LF:87
LH:87
BRDA:87,0,0,1
BRDA:87,1,0,1
BRDA:87,2,0,0
BRDA:87,3,0,0
BRDA:87,4,0,0
BRDA:87,5,0,0
BRDA:87,6,0,1
BRDA:87,7,0,3
BRDA:87,8,0,3
BRDA:87,9,0,7
BRDA:87,10,0,13
BRDA:87,11,0,0
BRDA:87,12,0,7
BRDA:87,13,0,13
BRDA:87,14,0,8
BRDA:87,15,0,5
BRDA:87,16,0,15
BRDA:87,17,0,2
BRDA:87,18,0,13
BRDA:87,19,0,7
BRDA:87,20,0,13
BRDA:87,21,0,0
BRDA:87,22,0,21
BRDA:87,23,0,20
BRDA:87,24,0,20
BRDA:87,25,0,0
BRDA:87,26,0,40
BRDA:87,27,0,0
BRDA:87,28,0,0
BRDA:87,29,0,0
BRDA:87,30,0,0
BRDA:87,31,0,20
BRDA:87,32,0,20
BRDA:87,33,0,13
BRDA:87,34,0,0
BRDA:87,35,0,0
BRDA:87,36,0,7
BRDA:87,37,0,0
BRDA:87,38,0,2
BRDA:87,39,0,0
BRDA:87,40,0,0
BRDA:87,41,0,0
BRDA:87,42,0,0
BRDA:87,43,0,20
BRDA:87,44,0,15
BRDA:87,45,0,5
BRDA:87,46,0,20
BRDA:87,47,0,7
BRDA:87,48,0,5
BRDA:87,49,0,2
BRDA:87,50,0,0
BRDA:87,51,0,1
BRDA:87,52,0,0
BRDA:16,53,0,1
BRDA:23,54,0,5
BRDA:36,55,0,7
BRDA:87,56,0,7
BRDA:87,57,0,20
BRDA:87,58,0,7
BRDA:87,59,0,7
BRDA:46,60,0,1
BRDA:48,61,0,6
BRDA:52,62,0,2
BRDA:54,63,0,4
BRDA:56,64,0,3
BRDA:56,65,0,1
BRDA:60,66,0,3
BRDA:62,67,0,1
BRDA:64,68,0,2
BRDA:87,69,0,2
BRDA:87,70,0,2
BRDA:87,71,0,2
BRF:72
BRH:52
end_of_record
TN:
SF:src/modules/appointments/services/ListProviderAppointmentsService.ts
FN:57,__decorate
FN:57,__metadata
FN:57,__param
FN:57,__awaiter
FN:57,adopt
FN:57,fulfilled
FN:57,rejected
FN:57,step
FN:57,__generator
FN:57,sent
FN:57,g.<computed>
FN:57,verb
FN:57,step
FN:19,ListaProvidersAppointmentsService
FN:29,ListaProvidersAppointmentsService.execute
FNF:15
FNH:13
FNDA:2,__decorate
FNDA:2,__metadata
FNDA:4,__param
FNDA:3,__awaiter
FNDA:9,adopt
FNDA:9,fulfilled
FNDA:0,rejected
FNDA:12,step
FNDA:3,__generator
FNDA:9,sent
FNDA:0,g.<computed>
FNDA:9,verb
FNDA:12,step
FNDA:3,ListaProvidersAppointmentsService
FNDA:3,ListaProvidersAppointmentsService.execute
DA:1,1
DA:2,1
DA:3,1
DA:4,1
DA:5,1
DA:6,1
DA:7,1
DA:8,1
DA:9,1
DA:10,1
DA:11,1
DA:12,1
DA:13,1
DA:14,2
DA:15,2
DA:16,2
DA:17,2
DA:18,2
DA:19,2
DA:20,3
DA:21,3
DA:22,3
DA:23,3
DA:24,3
DA:25,3
DA:26,3
DA:27,3
DA:28,2
DA:29,2
DA:30,3
DA:31,3
DA:32,3
DA:33,3
DA:34,3
DA:35,3
DA:36,3
DA:37,3
DA:38,3
DA:39,3
DA:40,3
DA:41,3
DA:42,3
DA:43,3
DA:44,3
DA:45,3
DA:46,3
DA:47,3
DA:48,3
DA:49,3
DA:50,3
DA:51,3
DA:52,3
DA:53,3
DA:54,3
DA:55,2
DA:56,1
DA:57,1
LF:57
LH:57
BRDA:57,0,0,2
BRDA:57,1,0,2
BRDA:57,2,0,0
BRDA:57,3,0,0
BRDA:57,4,0,0
BRDA:57,5,0,0
BRDA:57,6,0,2
BRDA:57,7,0,4
BRDA:57,8,0,4
BRDA:57,9,0,3
BRDA:57,10,0,9
BRDA:57,11,0,0
BRDA:57,12,0,3
BRDA:57,13,0,9
BRDA:57,14,0,0
BRDA:57,15,0,12
BRDA:57,16,0,3
BRDA:57,17,0,9
BRDA:57,18,0,3
BRDA:57,19,0,9
BRDA:57,20,0,0
BRDA:57,21,0,9
BRDA:57,22,0,12
BRDA:57,23,0,12
BRDA:57,24,0,0
BRDA:57,25,0,24
BRDA:57,26,0,0
BRDA:57,27,0,0
BRDA:57,28,0,0
BRDA:57,29,0,0
BRDA:57,30,0,12
BRDA:57,31,0,12
BRDA:57,32,0,9
BRDA:57,33,0,0
BRDA:57,34,0,0
BRDA:57,35,0,3
BRDA:57,36,0,0
BRDA:57,37,0,0
BRDA:57,38,0,0
BRDA:57,39,0,0
BRDA:57,40,0,0
BRDA:57,41,0,12
BRDA:57,42,0,0
BRDA:57,43,0,12
BRDA:57,44,0,3
BRDA:57,45,0,0
BRDA:57,46,0,3
BRDA:57,47,0,0
BRDA:14,48,0,2
BRDA:19,49,0,3
BRDA:29,50,0,3
BRDA:57,51,0,3
BRDA:57,52,0,12
BRDA:57,53,0,3
BRDA:57,54,0,3
BRDA:40,55,0,0
BRDA:57,56,0,3
BRDA:57,57,0,3
BRDA:53,58,0,3
BRF:59
BRH:36
end_of_record
TN:
SF:src/modules/appointments/services/ListProviderDayAvailabilityService.ts
FN:65,__decorate
FN:65,__metadata
FN:65,__param
FN:65,__awaiter
FN:65,adopt
FN:65,fulfilled
FN:65,rejected
FN:65,step
FN:65,__generator
FN:65,sent
FN:65,g.<computed>
FN:65,verb
FN:65,step
FN:21,ListProviderDayAvailability
FN:28,ListProviderDayAvailability.execute
FNF:15
FNH:13
FNDA:1,__decorate
FNDA:1,__metadata
FNDA:1,__param
FNDA:1,__awaiter
FNDA:1,adopt
FNDA:1,fulfilled
FNDA:0,rejected
FNDA:2,step
FNDA:1,__generator
FNDA:1,sent
FNDA:0,g.<computed>
FNDA:3,verb
FNDA:2,step
FNDA:1,ListProviderDayAvailability
FNDA:1,ListProviderDayAvailability.execute
DA:1,1
DA:2,1
DA:3,1
DA:4,1
DA:5,1
DA:6,1
DA:7,1
DA:8,1
DA:9,1
DA:10,1
DA:11,1
DA:12,1
DA:13,1
DA:14,1
DA:15,1
DA:16,1
DA:17,1
DA:18,1
DA:19,1
DA:20,1
DA:21,1
DA:22,1
DA:23,1
DA:24,1
DA:25,1
DA:26,1
DA:27,1
DA:28,1
DA:29,1
DA:30,1
DA:31,1
DA:32,1
DA:33,1
DA:34,1
DA:35,1
DA:36,1
DA:37,1
DA:38,1
DA:39,1
DA:40,1
DA:41,1
DA:42,1
DA:43,1
DA:44,1
DA:45,1
DA:46,1
DA:47,1
DA:48,1
DA:49,1
DA:50,1
DA:51,1
DA:52,10
DA:53,10
DA:54,10
DA:55,10
DA:56,10
DA:57,10
DA:58,10
DA:59,10
DA:60,1
DA:61,1
DA:62,1
DA:63,1
DA:64,1
DA:65,1
LF:65
LH:65
BRDA:65,0,0,1
BRDA:65,1,0,1
BRDA:65,2,0,0
BRDA:65,3,0,0
BRDA:65,4,0,0
BRDA:65,5,0,0
BRDA:65,6,0,1
BRDA:65,7,0,1
BRDA:65,8,0,1
BRDA:65,9,0,1
BRDA:65,10,0,1
BRDA:65,11,0,0
BRDA:65,12,0,1
BRDA:65,13,0,1
BRDA:65,14,0,0
BRDA:65,15,0,2
BRDA:65,16,0,1
BRDA:65,17,0,1
BRDA:65,18,0,1
BRDA:65,19,0,1
BRDA:65,20,0,0
BRDA:65,21,0,3
BRDA:65,22,0,2
BRDA:65,23,0,2
BRDA:65,24,0,0
BRDA:65,25,0,4
BRDA:65,26,0,0
BRDA:65,27,0,0
BRDA:65,28,0,0
BRDA:65,29,0,0
BRDA:65,30,0,2
BRDA:65,31,0,2
BRDA:65,32,0,1
BRDA:65,33,0,0
BRDA:65,34,0,0
BRDA:65,35,0,1
BRDA:65,36,0,0
BRDA:65,37,0,0
BRDA:65,38,0,0
BRDA:65,39,0,0
BRDA:65,40,0,0
BRDA:65,41,0,2
BRDA:65,42,0,0
BRDA:65,43,0,2
BRDA:65,44,0,1
BRDA:65,45,0,0
BRDA:65,46,0,1
BRDA:65,47,0,0
BRDA:18,48,0,1
BRDA:21,49,0,1
BRDA:28,50,0,1
BRDA:65,51,0,1
BRDA:65,52,0,2
BRDA:34,53,0,1
BRDA:65,54,0,1
BRDA:46,55,0,10
BRDA:51,56,0,10
BRDA:58,57,0,8
BRDA:53,58,0,19
BRF:59
BRH:37
end_of_record
TN:
SF:src/modules/appointments/services/ListProviderMonthAvailabilityService.ts
FN:60,__decorate
FN:60,__metadata
FN:60,__param
FN:60,__awaiter
FN:60,adopt
FN:60,fulfilled
FN:60,rejected
FN:60,step
FN:60,__generator
FN:60,sent
FN:60,g.<computed>
FN:60,verb
FN:60,step
FN:20,ListProviderMonthAvailability
FN:27,ListProviderMonthAvailability.execute
FNF:15
FNH:13
FNDA:1,__decorate
FNDA:1,__metadata
FNDA:1,__param
FNDA:1,__awaiter
FNDA:1,adopt
FNDA:1,fulfilled
FNDA:0,rejected
FNDA:2,step
FNDA:1,__generator
FNDA:1,sent
FNDA:0,g.<computed>
FNDA:3,verb
FNDA:2,step
FNDA:1,ListProviderMonthAvailability
FNDA:1,ListProviderMonthAvailability.execute
DA:1,1
DA:2,1
DA:3,1
DA:4,1
DA:5,1
DA:6,1
DA:7,1
DA:8,1
DA:9,1
DA:10,1
DA:11,1
DA:12,1
DA:13,1
DA:14,1
DA:15,1
DA:16,1
DA:17,1
DA:18,1
DA:19,1
DA:20,1
DA:21,1
DA:22,1
DA:23,1
DA:24,1
DA:25,1
DA:26,1
DA:27,1
DA:28,1
DA:29,1
DA:30,1
DA:31,1
DA:32,1
DA:33,1
DA:34,1
DA:35,1
DA:36,1
DA:37,1
DA:38,1
DA:39,1
DA:40,1
DA:41,1
DA:42,1
DA:43,1
DA:44,1
DA:45,1
DA:46,1
DA:47,1
DA:48,31
DA:49,403
DA:50,31
DA:51,31
DA:52,31
DA:53,31
DA:54,31
DA:55,1
DA:56,1
DA:57,1
DA:58,1
DA:59,1
DA:60,1
LF:60
LH:60
BRDA:60,0,0,1
BRDA:60,1,0,1
BRDA:60,2,0,0
BRDA:60,3,0,0
BRDA:60,4,0,0
BRDA:60,5,0,0
BRDA:60,6,0,1
BRDA:60,7,0,1
BRDA:60,8,0,1
BRDA:60,9,0,1
BRDA:60,10,0,1
BRDA:60,11,0,0
BRDA:60,12,0,1
BRDA:60,13,0,1
BRDA:60,14,0,0
BRDA:60,15,0,2
BRDA:60,16,0,1
BRDA:60,17,0,1
BRDA:60,18,0,1
BRDA:60,19,0,1
BRDA:60,20,0,0
BRDA:60,21,0,3
BRDA:60,22,0,2
BRDA:60,23,0,2
BRDA:60,24,0,0
BRDA:60,25,0,4
BRDA:60,26,0,0
BRDA:60,27,0,0
BRDA:60,28,0,0
BRDA:60,29,0,0
BRDA:60,30,0,2
BRDA:60,31,0,2
BRDA:60,32,0,1
BRDA:60,33,0,0
BRDA:60,34,0,0
BRDA:60,35,0,1
BRDA:60,36,0,0
BRDA:60,37,0,0
BRDA:60,38,0,0
BRDA:60,39,0,0
BRDA:60,40,0,0
BRDA:60,41,0,2
BRDA:60,42,0,0
BRDA:60,43,0,2
BRDA:60,44,0,1
BRDA:60,45,0,0
BRDA:60,46,0,1
BRDA:60,47,0,0
BRDA:17,48,0,1
BRDA:20,49,0,1
BRDA:27,50,0,1
BRDA:60,51,0,1
BRDA:60,52,0,2
BRDA:32,53,0,1
BRDA:60,54,0,1
BRDA:44,55,0,31
BRDA:47,56,0,31
BRDA:48,57,0,403
BRF:58
BRH:36
end_of_record
TN:
SF:src/modules/appointments/services/ListProvidersService.ts
FN:40,__decorate
FN:40,__metadata
FN:40,__param
FN:40,__awaiter
FN:40,adopt
FN:40,fulfilled
FN:40,rejected
FN:40,step
FN:40,__generator
FN:40,sent
FN:40,g.<computed>
FN:40,verb
FN:40,step
FN:12,ListProviders
FN:22,ListProviders.execute
FNF:15
FNH:13
FNDA:1,__decorate
FNDA:1,__metadata
FNDA:2,__param
FNDA:1,__awaiter
FNDA:3,adopt
FNDA:3,fulfilled
FNDA:0,rejected
FNDA:4,step
FNDA:1,__generator
FNDA:3,sent
FNDA:0,g.<computed>
FNDA:3,verb
FNDA:4,step
FNDA:1,ListProviders
FNDA:1,ListProviders.execute
DA:1,1
DA:2,1
DA:3,1
DA:4,1
DA:5,1
DA:6,1
DA:7,1
DA:8,1
DA:9,1
DA:10,1
DA:11,1
DA:12,1
DA:13,1
DA:14,1
DA:15,1
DA:16,1
DA:17,1
DA:18,1
DA:19,1
DA:20,1
DA:21,1
DA:22,1
DA:23,1
DA:24,1
DA:25,1
DA:26,1
DA:27,1
DA:28,1
DA:29,1
DA:30,1
DA:31,1
DA:32,1
DA:33,1
DA:34,1
DA:35,1
DA:36,1
DA:37,1
DA:38,1
DA:39,1
DA:40,1
LF:40
LH:40
BRDA:40,0,0,1
BRDA:40,1,0,1
BRDA:40,2,0,0
BRDA:40,3,0,0
BRDA:40,4,0,0
BRDA:40,5,0,0
BRDA:40,6,0,1
BRDA:40,7,0,2
BRDA:40,8,0,2
BRDA:40,9,0,1
BRDA:40,10,0,3
BRDA:40,11,0,0
BRDA:40,12,0,1
BRDA:40,13,0,3
BRDA:40,14,0,0
BRDA:40,15,0,4
BRDA:40,16,0,1
BRDA:40,17,0,3
BRDA:40,18,0,1
BRDA:40,19,0,3
BRDA:40,20,0,0
BRDA:40,21,0,3
BRDA:40,22,0,4
BRDA:40,23,0,4
BRDA:40,24,0,0
BRDA:40,25,0,8
BRDA:40,26,0,0
BRDA:40,27,0,0
BRDA:40,28,0,0
BRDA:40,29,0,0
BRDA:40,30,0,4
BRDA:40,31,0,4
BRDA:40,32,0,3
BRDA:40,33,0,0
BRDA:40,34,0,0
BRDA:40,35,0,1
BRDA:40,36,0,0
BRDA:40,37,0,0
BRDA:40,38,0,0
BRDA:40,39,0,0
BRDA:40,40,0,0
BRDA:40,41,0,4
BRDA:40,42,0,0
BRDA:40,43,0,4
BRDA:40,44,0,1
BRDA:40,45,0,0
BRDA:40,46,0,1
BRDA:40,47,0,0
BRDA:7,48,0,1
BRDA:12,49,0,1
BRDA:22,50,0,1
BRDA:40,51,0,1
BRDA:40,52,0,4
BRDA:23,53,0,1
BRDA:40,54,0,1
BRDA:27,55,0,0
BRDA:40,56,0,1
BRDA:40,57,0,1
BRDA:36,58,0,1
BRF:59
BRH:36
end_of_record
TN:
SF:src/modules/notifications/services/CreateNotifications.ts
FN:33,__decorate
FN:33,__metadata
FN:33,__param
FN:33,__awaiter
FN:33,adopt
FN:33,fulfilled
FN:33,rejected
FN:33,step
FN:33,__generator
FN:33,sent
FN:33,g.<computed>
FN:33,verb
FN:33,step
FN:14,CreateNotifications
FN:21,CreateNotifications.execute
FNF:15
FNH:13
FNDA:1,__decorate
FNDA:1,__metadata
FNDA:1,__param
FNDA:1,__awaiter
FNDA:1,adopt
FNDA:1,fulfilled
FNDA:0,rejected
FNDA:2,step
FNDA:1,__generator
FNDA:1,sent
FNDA:0,g.<computed>
FNDA:3,verb
FNDA:2,step
FNDA:1,CreateNotifications
FNDA:1,CreateNotifications.execute
DA:1,1
DA:2,1
DA:3,1
DA:4,1
DA:5,1
DA:6,1
DA:7,1
DA:8,1
DA:9,1
DA:10,1
DA:11,1
DA:12,1
DA:13,1
DA:14,1
DA:15,1
DA:16,1
DA:17,1
DA:18,1
DA:19,1
DA:20,1
DA:21,1
DA:22,1
DA:23,1
DA:24,1
DA:25,1
DA:26,1
DA:27,1
DA:28,1
DA:29,1
DA:30,1
DA:31,1
DA:32,1
DA:33,1
LF:33
LH:33
BRDA:33,0,0,1
BRDA:33,1,0,1
BRDA:33,2,0,0
BRDA:33,3,0,0
BRDA:33,4,0,0
BRDA:33,5,0,0
BRDA:33,6,0,1
BRDA:33,7,0,1
BRDA:33,8,0,1
BRDA:33,9,0,1
BRDA:33,10,0,1
BRDA:33,11,0,0
BRDA:33,12,0,1
BRDA:33,13,0,1
BRDA:33,14,0,0
BRDA:33,15,0,2
BRDA:33,16,0,1
BRDA:33,17,0,1
BRDA:33,18,0,1
BRDA:33,19,0,1
BRDA:33,20,0,0
BRDA:33,21,0,3
BRDA:33,22,0,2
BRDA:33,23,0,2
BRDA:33,24,0,0
BRDA:33,25,0,4
BRDA:33,26,0,0
BRDA:33,27,0,0
BRDA:33,28,0,0
BRDA:33,29,0,0
BRDA:33,30,0,2
BRDA:33,31,0,2
BRDA:33,32,0,1
BRDA:33,33,0,0
BRDA:33,34,0,0
BRDA:33,35,0,1
BRDA:33,36,0,0
BRDA:33,37,0,0
BRDA:33,38,0,0
BRDA:33,39,0,0
BRDA:33,40,0,0
BRDA:33,41,0,2
BRDA:33,42,0,0
BRDA:33,43,0,2
BRDA:33,44,0,1
BRDA:33,45,0,0
BRDA:33,46,0,1
BRDA:33,47,0,0
BRDA:11,48,0,1
BRDA:14,49,0,1
BRDA:21,50,0,1
BRDA:33,51,0,1
BRDA:33,52,0,2
BRDA:25,53,0,1
BRDA:33,54,0,1
BRF:55
BRH:33
end_of_record
TN:
SF:src/modules/users/services/AuthtorizationUserService.ts
FN:62,__decorate
FN:62,__metadata
FN:62,__param
FN:62,__awaiter
FN:62,adopt
FN:62,fulfilled
FN:62,rejected
FN:62,step
FN:62,__generator
FN:62,sent
FN:62,g.<computed>
FN:62,verb
FN:62,step
FN:62,__importDefault
FN:25,AuthtorizationUserService
FN:36,AuthtorizationUserService.execute
FNF:16
FNH:14
FNDA:1,__decorate
FNDA:1,__metadata
FNDA:2,__param
FNDA:3,__awaiter
FNDA:5,adopt
FNDA:5,fulfilled
FNDA:0,rejected
FNDA:6,step
FNDA:3,__generator
FNDA:5,sent
FNDA:0,g.<computed>
FNDA:9,verb
FNDA:8,step
FNDA:3,__importDefault
FNDA:2,AuthtorizationUserService
FNDA:3,AuthtorizationUserService.execute
DA:1,1
DA:2,1
DA:3,1
DA:4,1
DA:5,1
DA:6,1
DA:7,1
DA:8,1
DA:9,1
DA:10,1
DA:11,1
DA:12,1
DA:13,1
DA:14,1
DA:15,1
DA:16,1
DA:17,1
DA:18,1
DA:19,1
DA:20,1
DA:21,1
DA:22,1
DA:23,1
DA:24,1
DA:25,1
DA:26,2
DA:27,2
DA:28,2
DA:29,2
DA:30,2
DA:31,2
DA:32,2
DA:33,2
DA:34,2
DA:35,1
DA:36,1
DA:37,3
DA:38,3
DA:39,3
DA:40,1
DA:41,1
DA:42,2
DA:43,2
DA:44,2
DA:45,2
DA:46,3
DA:47,1
DA:48,1
DA:49,3
DA:50,3
DA:51,3
DA:52,3
DA:53,3
DA:54,3
DA:55,3
DA:56,3
DA:57,3
DA:58,3
DA:59,3
DA:60,1
DA:61,1
DA:62,1
LF:62
LH:62
BRDA:62,0,0,1
BRDA:62,1,0,1
BRDA:62,2,0,0
BRDA:62,3,0,0
BRDA:62,4,0,0
BRDA:62,5,0,0
BRDA:62,6,0,1
BRDA:62,7,0,2
BRDA:62,8,0,2
BRDA:62,9,0,3
BRDA:62,10,0,5
BRDA:62,11,0,0
BRDA:62,12,0,3
BRDA:62,13,0,5
BRDA:62,14,0,3
BRDA:62,15,0,2
BRDA:62,16,0,6
BRDA:62,17,0,1
BRDA:62,18,0,5
BRDA:62,19,0,3
BRDA:62,20,0,5
BRDA:62,21,0,0
BRDA:62,22,0,9
BRDA:62,23,0,8
BRDA:62,24,0,8
BRDA:62,25,0,0
BRDA:62,26,0,16
BRDA:62,27,0,0
BRDA:62,28,0,0
BRDA:62,29,0,0
BRDA:62,30,0,0
BRDA:62,31,0,8
BRDA:62,32,0,8
BRDA:62,33,0,5
BRDA:62,34,0,0
BRDA:62,35,0,0
BRDA:62,36,0,3
BRDA:62,37,0,0
BRDA:62,38,0,1
BRDA:62,39,0,0
BRDA:62,40,0,0
BRDA:62,41,0,0
BRDA:62,42,0,0
BRDA:62,43,0,8
BRDA:62,44,0,6
BRDA:62,45,0,2
BRDA:62,46,0,8
BRDA:62,47,0,3
BRDA:62,48,0,2
BRDA:62,49,0,1
BRDA:62,50,0,0
BRDA:62,51,0,3
BRDA:62,52,0,2
BRDA:62,53,0,1
BRDA:20,54,0,1
BRDA:25,55,0,2
BRDA:36,56,0,3
BRDA:62,57,0,3
BRDA:62,58,0,8
BRDA:37,59,0,3
BRDA:62,60,0,3
BRDA:39,61,0,1
BRDA:41,62,0,2
BRDA:62,63,0,2
BRDA:46,64,0,1
BRDA:49,65,0,0
BRDA:49,66,0,1
BRF:67
BRH:47
end_of_record
TN:
SF:src/modules/users/services/CreateUsersService.ts
FN:54,__decorate
FN:54,__metadata
FN:54,__param
FN:54,__awaiter
FN:54,adopt
FN:54,fulfilled
FN:54,rejected
FN:54,step
FN:54,__generator
FN:54,sent
FN:54,g.<computed>
FN:54,verb
FN:54,step
FN:54,__importDefault
FN:22,CreateUsersService
FN:35,CreateUsersService.execute
FNF:16
FNH:14
FNDA:2,__decorate
FNDA:2,__metadata
FNDA:6,__param
FNDA:5,__awaiter
FNDA:17,adopt
FNDA:17,fulfilled
FNDA:0,rejected
FNDA:21,step
FNDA:5,__generator
FNDA:17,sent
FNDA:0,g.<computed>
FNDA:15,verb
FNDA:22,step
FNDA:2,__importDefault
FNDA:4,CreateUsersService
FNDA:5,CreateUsersService.execute
DA:1,1
DA:2,1
DA:3,1
DA:4,1
DA:5,1
DA:6,1
DA:7,1
DA:8,1
DA:9,1
DA:10,1
DA:11,1
DA:12,1
DA:13,1
DA:14,1
DA:15,2
DA:16,2
DA:17,2
DA:18,2
DA:19,2
DA:20,2
DA:21,2
DA:22,2
DA:23,4
DA:24,4
DA:25,4
DA:26,4
DA:27,4
DA:28,4
DA:29,4
DA:30,4
DA:31,4
DA:32,4
DA:33,4
DA:34,2
DA:35,2
DA:36,5
DA:37,5
DA:38,5
DA:39,1
DA:40,1
DA:41,4
DA:42,4
DA:43,5
DA:44,5
DA:45,5
DA:46,5
DA:47,5
DA:48,5
DA:49,5
DA:50,5
DA:51,5
DA:52,2
DA:53,1
DA:54,1
LF:54
LH:54
BRDA:54,0,0,2
BRDA:54,1,0,2
BRDA:54,2,0,0
BRDA:54,3,0,0
BRDA:54,4,0,0
BRDA:54,5,0,0
BRDA:54,6,0,2
BRDA:54,7,0,6
BRDA:54,8,0,6
BRDA:54,9,0,5
BRDA:54,10,0,17
BRDA:54,11,0,0
BRDA:54,12,0,5
BRDA:54,13,0,17
BRDA:54,14,0,16
BRDA:54,15,0,1
BRDA:54,16,0,21
BRDA:54,17,0,4
BRDA:54,18,0,17
BRDA:54,19,0,5
BRDA:54,20,0,17
BRDA:54,21,0,0
BRDA:54,22,0,15
BRDA:54,23,0,22
BRDA:54,24,0,22
BRDA:54,25,0,0
BRDA:54,26,0,44
BRDA:54,27,0,0
BRDA:54,28,0,0
BRDA:54,29,0,0
BRDA:54,30,0,0
BRDA:54,31,0,22
BRDA:54,32,0,22
BRDA:54,33,0,17
BRDA:54,34,0,0
BRDA:54,35,0,0
BRDA:54,36,0,5
BRDA:54,37,0,0
BRDA:54,38,0,4
BRDA:54,39,0,0
BRDA:54,40,0,0
BRDA:54,41,0,0
BRDA:54,42,0,0
BRDA:54,43,0,34
BRDA:54,44,0,22
BRDA:54,45,0,21
BRDA:54,46,0,1
BRDA:54,47,0,22
BRDA:54,48,0,5
BRDA:54,49,0,1
BRDA:54,50,0,4
BRDA:54,51,0,0
BRDA:54,52,0,2
BRDA:54,53,0,0
BRDA:15,54,0,2
BRDA:22,55,0,4
BRDA:35,56,0,5
BRDA:54,57,0,5
BRDA:54,58,0,22
BRDA:36,59,0,5
BRDA:54,60,0,5
BRDA:38,61,0,1
BRDA:40,62,0,4
BRDA:54,63,0,4
BRDA:54,64,0,4
BRDA:54,65,0,4
BRF:66
BRH:46
end_of_record
TN:
SF:src/modules/users/services/ResetPasswordService.ts
FN:56,__decorate
FN:56,__metadata
FN:56,__param
FN:56,__awaiter
FN:56,adopt
FN:56,fulfilled
FN:56,rejected
FN:56,step
FN:56,__generator
FN:56,sent
FN:56,g.<computed>
FN:56,verb
FN:56,step
FN:56,__importDefault
FN:21,ResetPasswordService
FN:34,ResetPasswordService.execute
FNF:16
FNH:14
FNDA:1,__decorate
FNDA:1,__metadata
FNDA:3,__param
FNDA:4,__awaiter
FNDA:9,adopt
FNDA:9,fulfilled
FNDA:0,rejected
FNDA:10,step
FNDA:4,__generator
FNDA:9,sent
FNDA:0,g.<computed>
FNDA:12,verb
FNDA:13,step
FNDA:1,__importDefault
FNDA:4,ResetPasswordService
FNDA:4,ResetPasswordService.execute
DA:1,1
DA:2,1
DA:3,1
DA:4,1
DA:5,1
DA:6,1
DA:7,1
DA:8,1
DA:9,1
DA:10,1
DA:11,1
DA:12,1
DA:13,1
DA:14,1
DA:15,1
DA:16,1
DA:17,1
DA:18,1
DA:19,1
DA:20,1
DA:21,1
DA:22,4
DA:23,4
DA:24,4
DA:25,4
DA:26,4
DA:27,4
DA:28,4
DA:29,4
DA:30,4
DA:31,4
DA:32,4
DA:33,1
DA:34,1
DA:35,4
DA:36,4
DA:37,1
DA:38,1
DA:39,3
DA:40,4
DA:41,1
DA:42,1
DA:43,2
DA:44,2
DA:45,2
DA:46,2
DA:47,4
DA:48,1
DA:49,1
DA:50,1
DA:51,1
DA:52,4
DA:53,4
DA:54,4
DA:55,1
DA:56,1
LF:56
LH:56
BRDA:56,0,0,1
BRDA:56,1,0,1
BRDA:56,2,0,0
BRDA:56,3,0,0
BRDA:56,4,0,0
BRDA:56,5,0,0
BRDA:56,6,0,1
BRDA:56,7,0,3
BRDA:56,8,0,3
BRDA:56,9,0,4
BRDA:56,10,0,9
BRDA:56,11,0,0
BRDA:56,12,0,4
BRDA:56,13,0,9
BRDA:56,14,0,6
BRDA:56,15,0,3
BRDA:56,16,0,10
BRDA:56,17,0,1
BRDA:56,18,0,9
BRDA:56,19,0,4
BRDA:56,20,0,9
BRDA:56,21,0,0
BRDA:56,22,0,12
BRDA:56,23,0,13
BRDA:56,24,0,13
BRDA:56,25,0,0
BRDA:56,26,0,26
BRDA:56,27,0,0
BRDA:56,28,0,0
BRDA:56,29,0,0
BRDA:56,30,0,0
BRDA:56,31,0,13
BRDA:56,32,0,13
BRDA:56,33,0,9
BRDA:56,34,0,0
BRDA:56,35,0,0
BRDA:56,36,0,4
BRDA:56,37,0,0
BRDA:56,38,0,1
BRDA:56,39,0,0
BRDA:56,40,0,0
BRDA:56,41,0,0
BRDA:56,42,0,0
BRDA:56,43,0,13
BRDA:56,44,0,10
BRDA:56,45,0,3
BRDA:56,46,0,13
BRDA:56,47,0,4
BRDA:56,48,0,3
BRDA:56,49,0,1
BRDA:56,50,0,0
BRDA:56,51,0,1
BRDA:56,52,0,0
BRDA:14,53,0,1
BRDA:21,54,0,4
BRDA:34,55,0,4
BRDA:56,56,0,4
BRDA:56,57,0,13
BRDA:35,58,0,4
BRDA:56,59,0,4
BRDA:36,60,0,1
BRDA:38,61,0,3
BRDA:56,62,0,3
BRDA:40,63,0,1
BRDA:42,64,0,2
BRDA:47,65,0,1
BRDA:56,66,0,1
BRDA:56,67,0,1
BRF:68
BRH:48
end_of_record
TN:
SF:src/modules/users/services/SendPasswordRecoveryEmailService.ts
FN:63,__decorate
FN:63,__metadata
FN:63,__param
FN:63,__awaiter
FN:63,adopt
FN:63,fulfilled
FN:63,rejected
FN:63,step
FN:63,__generator
FN:63,sent
FN:63,g.<computed>
FN:63,verb
FN:63,step
FN:63,__importDefault
FN:20,SendForgoPasswordEmail
FN:33,SendForgoPasswordEmail.execute
FNF:16
FNH:14
FNDA:1,__decorate
FNDA:1,__metadata
FNDA:3,__param
FNDA:3,__awaiter
FNDA:7,adopt
FNDA:7,fulfilled
FNDA:0,rejected
FNDA:9,step
FNDA:3,__generator
FNDA:7,sent
FNDA:0,g.<computed>
FNDA:9,verb
FNDA:10,step
FNDA:1,__importDefault
FNDA:3,SendForgoPasswordEmail
FNDA:3,SendForgoPasswordEmail.execute
DA:1,1
DA:2,1
DA:3,1
DA:4,1
DA:5,1
DA:6,1
DA:7,1
DA:8,1
DA:9,1
DA:10,1
DA:11,1
DA:12,1
DA:13,1
DA:14,1
DA:15,1
DA:16,1
DA:17,1
DA:18,1
DA:19,1
DA:20,1
DA:21,3
DA:22,3
DA:23,3
DA:24,3
DA:25,3
DA:26,3
DA:27,3
DA:28,3
DA:29,3
DA:30,3
DA:31,3
DA:32,1
DA:33,1
DA:34,3
DA:35,3
DA:36,1
DA:37,1
DA:38,2
DA:39,2
DA:40,3
DA:41,3
DA:42,3
DA:43,3
DA:44,3
DA:45,3
DA:46,3
DA:47,3
DA:48,3
DA:49,3
DA:50,3
DA:51,3
DA:52,3
DA:53,3
DA:54,3
DA:55,3
DA:56,3
DA:57,3
DA:58,3
DA:59,3
DA:60,3
DA:61,1
DA:62,1
DA:63,1
LF:63
LH:63
BRDA:63,0,0,1
BRDA:63,1,0,1
BRDA:63,2,0,0
BRDA:63,3,0,0
BRDA:63,4,0,0
BRDA:63,5,0,0
BRDA:63,6,0,1
BRDA:63,7,0,3
BRDA:63,8,0,3
BRDA:63,9,0,3
BRDA:63,10,0,7
BRDA:63,11,0,0
BRDA:63,12,0,3
BRDA:63,13,0,7
BRDA:63,14,0,6
BRDA:63,15,0,1
BRDA:63,16,0,9
BRDA:63,17,0,2
BRDA:63,18,0,7
BRDA:63,19,0,3
BRDA:63,20,0,7
BRDA:63,21,0,0
BRDA:63,22,0,9
BRDA:63,23,0,10
BRDA:63,24,0,10
BRDA:63,25,0,0
BRDA:63,26,0,20
BRDA:63,27,0,0
BRDA:63,28,0,0
BRDA:63,29,0,0
BRDA:63,30,0,0
BRDA:63,31,0,10
BRDA:63,32,0,10
BRDA:63,33,0,7
BRDA:63,34,0,0
BRDA:63,35,0,0
BRDA:63,36,0,3
BRDA:63,37,0,0
BRDA:63,38,0,2
BRDA:63,39,0,0
BRDA:63,40,0,0
BRDA:63,41,0,0
BRDA:63,42,0,0
BRDA:63,43,0,10
BRDA:63,44,0,9
BRDA:63,45,0,1
BRDA:63,46,0,10
BRDA:63,47,0,3
BRDA:63,48,0,1
BRDA:63,49,0,2
BRDA:63,50,0,0
BRDA:63,51,0,1
BRDA:63,52,0,0
BRDA:13,53,0,1
BRDA:20,54,0,3
BRDA:33,55,0,3
BRDA:63,56,0,3
BRDA:63,57,0,10
BRDA:34,58,0,3
BRDA:63,59,0,3
BRDA:35,60,0,1
BRDA:37,61,0,2
BRDA:63,62,0,2
BRDA:63,63,0,2
BRF:64
BRH:44
end_of_record
TN:
SF:src/modules/users/services/ShowUserProfileService.ts
FN:34,__decorate
FN:34,__metadata
FN:34,__param
FN:34,__awaiter
FN:34,adopt
FN:34,fulfilled
FN:34,rejected
FN:34,step
FN:34,__generator
FN:34,sent
FN:34,g.<computed>
FN:34,verb
FN:34,step
FN:34,__importDefault
FN:15,ShowUserProfile
FN:22,ShowUserProfile.execute
FNF:16
FNH:14
FNDA:1,__decorate
FNDA:1,__metadata
FNDA:1,__param
FNDA:2,__awaiter
FNDA:2,adopt
FNDA:2,fulfilled
FNDA:0,rejected
FNDA:3,step
FNDA:2,__generator
FNDA:2,sent
FNDA:0,g.<computed>
FNDA:6,verb
FNDA:4,step
FNDA:1,__importDefault
FNDA:2,ShowUserProfile
FNDA:2,ShowUserProfile.execute
DA:1,1
DA:2,1
DA:3,1
DA:4,1
DA:5,1
DA:6,1
DA:7,1
DA:8,1
DA:9,1
DA:10,1
DA:11,1
DA:12,1
DA:13,1
DA:14,1
DA:15,1
DA:16,2
DA:17,2
DA:18,2
DA:19,2
DA:20,2
DA:21,1
DA:22,1
DA:23,2
DA:24,2
DA:25,2
DA:26,1
DA:27,1
DA:28,1
DA:29,1
DA:30,1
DA:31,1
DA:32,2
DA:33,1
DA:34,1
LF:34
LH:34
BRDA:34,0,0,1
BRDA:34,1,0,1
BRDA:34,2,0,0
BRDA:34,3,0,0
BRDA:34,4,0,0
BRDA:34,5,0,0
BRDA:34,6,0,1
BRDA:34,7,0,1
BRDA:34,8,0,1
BRDA:34,9,0,2
BRDA:34,10,0,2
BRDA:34,11,0,0
BRDA:34,12,0,2
BRDA:34,13,0,2
BRDA:34,14,0,1
BRDA:34,15,0,3
BRDA:34,16,0,1
BRDA:34,17,0,2
BRDA:34,18,0,2
BRDA:34,19,0,2
BRDA:34,20,0,0
BRDA:34,21,0,6
BRDA:34,22,0,4
BRDA:34,23,0,4
BRDA:34,24,0,0
BRDA:34,25,0,8
BRDA:34,26,0,0
BRDA:34,27,0,0
BRDA:34,28,0,0
BRDA:34,29,0,0
BRDA:34,30,0,4
BRDA:34,31,0,4
BRDA:34,32,0,2
BRDA:34,33,0,0
BRDA:34,34,0,0
BRDA:34,35,0,2
BRDA:34,36,0,0
BRDA:34,37,0,1
BRDA:34,38,0,0
BRDA:34,39,0,0
BRDA:34,40,0,0
BRDA:34,41,0,0
BRDA:34,42,0,4
BRDA:34,43,0,3
BRDA:34,44,0,1
BRDA:34,45,0,4
BRDA:34,46,0,2
BRDA:34,47,0,1
BRDA:34,48,0,0
BRDA:34,49,0,1
BRDA:34,50,0,0
BRDA:12,51,0,1
BRDA:15,52,0,2
BRDA:22,53,0,2
BRDA:34,54,0,2
BRDA:34,55,0,4
BRDA:23,56,0,2
BRDA:34,57,0,2
BRDA:25,58,0,1
BRF:59
BRH:39
end_of_record
TN:
SF:src/modules/users/services/UpdateUserAvatarService.ts
FN:49,__decorate
FN:49,__metadata
FN:49,__param
FN:49,__awaiter
FN:49,adopt
FN:49,fulfilled
FN:49,rejected
FN:49,step
FN:49,__generator
FN:49,sent
FN:49,g.<computed>
FN:49,verb
FN:49,step
FN:49,__importDefault
FN:19,UpdateUserAvatarService
FN:29,UpdateUserAvatarService.execute
FNF:16
FNH:14
FNDA:1,__decorate
FNDA:1,__metadata
FNDA:2,__param
FNDA:4,__awaiter
FNDA:11,adopt
FNDA:11,fulfilled
FNDA:0,rejected
FNDA:14,step
FNDA:4,__generator
FNDA:11,sent
FNDA:0,g.<computed>
FNDA:12,verb
FNDA:15,step
FNDA:1,__importDefault
FNDA:3,UpdateUserAvatarService
FNDA:4,UpdateUserAvatarService.execute
DA:1,1
DA:2,1
DA:3,1
DA:4,1
DA:5,1
DA:6,1
DA:7,1
DA:8,1
DA:9,1
DA:10,1
DA:11,1
DA:12,1
DA:13,1
DA:14,1
DA:15,1
DA:16,1
DA:17,1
DA:18,1
DA:19,1
DA:20,3
DA:21,3
DA:22,3
DA:23,3
DA:24,3
DA:25,3
DA:26,3
DA:27,3
DA:28,1
DA:29,1
DA:30,4
DA:31,4
DA:32,4
DA:33,1
DA:34,1
DA:35,3
DA:36,3
DA:37,1
DA:38,4
DA:39,4
DA:40,4
DA:41,4
DA:42,4
DA:43,4
DA:44,4
DA:45,4
DA:46,4
DA:47,1
DA:48,1
DA:49,1
LF:49
LH:49
BRDA:49,0,0,1
BRDA:49,1,0,1
BRDA:49,2,0,0
BRDA:49,3,0,0
BRDA:49,4,0,0
BRDA:49,5,0,0
BRDA:49,6,0,1
BRDA:49,7,0,2
BRDA:49,8,0,2
BRDA:49,9,0,4
BRDA:49,10,0,11
BRDA:49,11,0,0
BRDA:49,12,0,4
BRDA:49,13,0,11
BRDA:49,14,0,10
BRDA:49,15,0,1
BRDA:49,16,0,14
BRDA:49,17,0,3
BRDA:49,18,0,11
BRDA:49,19,0,4
BRDA:49,20,0,11
BRDA:49,21,0,0
BRDA:49,22,0,12
BRDA:49,23,0,15
BRDA:49,24,0,15
BRDA:49,25,0,0
BRDA:49,26,0,32
BRDA:49,27,0,0
BRDA:49,28,0,0
BRDA:49,29,0,0
BRDA:49,30,0,0
BRDA:49,31,0,15
BRDA:49,32,0,15
BRDA:49,33,0,11
BRDA:49,34,0,0
BRDA:49,35,0,0
BRDA:49,36,0,6
BRDA:49,37,0,0
BRDA:49,38,0,5
BRDA:49,39,0,4
BRDA:49,40,0,2
BRDA:49,41,0,0
BRDA:49,42,0,2
BRDA:49,43,0,0
BRDA:49,44,0,0
BRDA:49,45,0,0
BRDA:49,46,0,17
BRDA:49,47,0,16
BRDA:49,48,0,1
BRDA:49,49,0,17
BRDA:49,50,0,4
BRDA:49,51,0,1
BRDA:49,52,0,3
BRDA:49,53,0,0
BRDA:49,54,0,1
BRDA:49,55,0,0
BRDA:14,56,0,1
BRDA:19,57,0,3
BRDA:29,58,0,4
BRDA:49,59,0,4
BRDA:49,60,0,17
BRDA:30,61,0,4
BRDA:49,62,0,4
BRDA:32,63,0,1
BRDA:34,64,0,3
BRDA:36,65,0,2
BRDA:36,66,0,1
BRDA:49,67,0,1
BRDA:40,68,0,3
BRDA:49,69,0,3
BRDA:49,70,0,3
BRF:71
BRH:51
end_of_record
TN:
SF:src/modules/users/services/UpdateUserProfileService.ts
FN:74,__decorate
FN:74,__metadata
FN:74,__param
FN:74,__awaiter
FN:74,adopt
FN:74,fulfilled
FN:74,rejected
FN:74,step
FN:74,__generator
FN:74,sent
FN:74,g.<computed>
FN:74,verb
FN:74,step
FN:74,__importDefault
FN:21,UpdateProfileService
FN:31,UpdateProfileService.execute
FNF:16
FNH:14
FNDA:1,__decorate
FNDA:1,__metadata
FNDA:2,__param
FNDA:5,__awaiter
FNDA:11,adopt
FNDA:11,fulfilled
FNDA:0,rejected
FNDA:12,step
FNDA:5,__generator
FNDA:11,sent
FNDA:0,g.<computed>
FNDA:15,verb
FNDA:16,step
FNDA:1,__importDefault
FNDA:5,UpdateProfileService
FNDA:5,UpdateProfileService.execute
DA:1,1
DA:2,1
DA:3,1
DA:4,1
DA:5,1
DA:6,1
DA:7,1
DA:8,1
DA:9,1
DA:10,1
DA:11,1
DA:12,1
DA:13,1
DA:14,1
DA:15,1
DA:16,1
DA:17,1
DA:18,1
DA:19,1
DA:20,1
DA:21,1
DA:22,5
DA:23,5
DA:24,5
DA:25,5
DA:26,5
DA:27,5
DA:28,5
DA:29,5
DA:30,1
DA:31,1
DA:32,5
DA:33,5
DA:34,5
DA:35,5
DA:36,5
DA:37,5
DA:38,5
DA:39,5
DA:40,5
DA:41,1
DA:42,1
DA:43,4
DA:44,4
DA:45,5
DA:46,5
DA:47,1
DA:48,1
DA:49,3
DA:50,5
DA:51,1
DA:52,1
DA:53,1
DA:54,1
DA:55,2
DA:56,2
DA:57,2
DA:58,2
DA:59,5
DA:60,1
DA:61,1
DA:62,1
DA:63,1
DA:64,5
DA:65,5
DA:66,5
DA:67,0
DA:68,5
DA:69,5
DA:70,5
DA:71,5
DA:72,5
DA:73,1
DA:74,1
LF:74
LH:73
BRDA:74,0,0,1
BRDA:74,1,0,1
BRDA:74,2,0,0
BRDA:74,3,0,0
BRDA:74,4,0,0
BRDA:74,5,0,0
BRDA:74,6,0,1
BRDA:74,7,0,2
BRDA:74,8,0,2
BRDA:74,9,0,5
BRDA:74,10,0,11
BRDA:74,11,0,0
BRDA:74,12,0,5
BRDA:74,13,0,11
BRDA:74,14,0,7
BRDA:74,15,0,4
BRDA:74,16,0,12
BRDA:74,17,0,1
BRDA:74,18,0,11
BRDA:74,19,0,5
BRDA:74,20,0,11
BRDA:74,21,0,0
BRDA:74,22,0,15
BRDA:74,23,0,16
BRDA:74,24,0,16
BRDA:74,25,0,0
BRDA:74,26,0,33
BRDA:74,27,0,0
BRDA:74,28,0,0
BRDA:74,29,0,0
BRDA:74,30,0,0
BRDA:74,31,0,16
BRDA:74,32,0,16
BRDA:74,33,0,11
BRDA:74,34,0,0
BRDA:74,35,0,0
BRDA:74,36,0,6
BRDA:74,37,0,0
BRDA:74,38,0,2
BRDA:74,39,0,5
BRDA:74,40,0,1
BRDA:74,41,0,0
BRDA:74,42,0,1
BRDA:74,43,0,0
BRDA:74,44,0,0
BRDA:74,45,0,0
BRDA:74,46,0,17
BRDA:74,47,0,13
BRDA:74,48,0,4
BRDA:74,49,0,17
BRDA:74,50,0,5
BRDA:74,51,0,4
BRDA:74,52,0,1
BRDA:74,53,0,0
BRDA:74,54,0,1
BRDA:74,55,0,0
BRDA:16,56,0,1
BRDA:21,57,0,5
BRDA:31,58,0,5
BRDA:74,59,0,5
BRDA:74,60,0,17
BRDA:38,61,0,5
BRDA:74,62,0,5
BRDA:40,63,0,1
BRDA:42,64,0,4
BRDA:74,65,0,4
BRDA:46,66,0,1
BRDA:46,67,0,1
BRDA:48,68,0,3
BRDA:50,69,0,2
BRDA:50,70,0,1
BRDA:54,71,0,2
BRDA:59,72,0,1
BRDA:59,73,0,1
BRDA:74,74,0,1
BRDA:66,75,0,0
BRDA:74,76,0,0
BRDA:69,77,0,1
BRDA:74,78,0,1
BRF:79
BRH:57
end_of_record
